c:\users\mostafatofa\source\repos\sp_cpp_vera\sp_cpp_vera\debug\vc142.pdb
c:\users\mostafatofa\source\repos\sp_cpp_vera\sp_cpp_vera\debug\vc142.idb
c:\users\mostafatofa\source\repos\sp_cpp_vera\sp_cpp_vera\debug\sp_cpp_vera.obj
c:\users\mosta\source\repos\sp_cpp_vera\sp_cpp_vera\debug\vc142.pdb
c:\users\mosta\source\repos\sp_cpp_vera\sp_cpp_vera\debug\vc142.idb
c:\users\mosta\source\repos\sp_cpp_vera\sp_cpp_vera\debug\test.obj
c:\users\mosta\source\repos\sp_cpp_vera\sp_cpp_vera\debug\sp_cpp_vera.obj
c:\users\mostafatofa\source\repos\sp_cpp_vera\debug\sp_cpp_vera.exe
c:\users\mostafatofa\source\repos\sp_cpp_vera\debug\sp_cpp_vera.ilk
c:\users\mostafatofa\source\repos\sp_cpp_vera\debug\sp_cpp_vera.pdb
c:\users\mosta\source\repos\sp_cpp_vera\debug\sp_cpp_vera.pdb
c:\users\mosta\source\repos\sp_cpp_vera\sp_cpp_vera\debug\sp_cpp_vera.tlog\cl.command.1.tlog
c:\users\mosta\source\repos\sp_cpp_vera\sp_cpp_vera\debug\sp_cpp_vera.tlog\cl.read.1.tlog
c:\users\mosta\source\repos\sp_cpp_vera\sp_cpp_vera\debug\sp_cpp_vera.tlog\cl.write.1.tlog
c:\users\mosta\source\repos\sp_cpp_vera\sp_cpp_vera\debug\sp_cpp_vera.tlog\link-cvtres.read.1.tlog
c:\users\mosta\source\repos\sp_cpp_vera\sp_cpp_vera\debug\sp_cpp_vera.tlog\link-cvtres.write.1.tlog
c:\users\mosta\source\repos\sp_cpp_vera\sp_cpp_vera\debug\sp_cpp_vera.tlog\link-rc.read.1.tlog
c:\users\mosta\source\repos\sp_cpp_vera\sp_cpp_vera\debug\sp_cpp_vera.tlog\link-rc.write.1.tlog
c:\users\mosta\source\repos\sp_cpp_vera\sp_cpp_vera\debug\sp_cpp_vera.tlog\link.command.1.tlog
c:\users\mosta\source\repos\sp_cpp_vera\sp_cpp_vera\debug\sp_cpp_vera.tlog\link.read.1.tlog
c:\users\mosta\source\repos\sp_cpp_vera\sp_cpp_vera\debug\sp_cpp_vera.tlog\link.write.1.tlog
